<?xml version="1.0" encoding="UTF-8"?>
<!-- Generated by org.testng.reporters.JUnitReportReporter -->
<testsuite hostname="DESKTOP-O6PK2DD" failures="0" tests="4" name="com.TestNG.ExecuteDataProviders_Test" time="0.007" errors="0" timestamp="2024-01-17T10:57:55 IST" skipped="0">
  <testcase classname="com.TestNG.ExecuteDataProviders_Test" name="executetheMethod" time="0.001"/>
  <system-out/>
  <testcase classname="com.TestNG.ExecuteDataProviders_Test" name="executetheMethod" time="0.001"/>
  <system-out/>
  <testcase classname="com.TestNG.ExecuteDataProviders_Test" name="executetheMethod" time="0.001"/>
  <system-out/>
  <testcase classname="com.TestNG.ExecuteDataProviders_Test" name="executetheMethod" time="0.004"/>
  <system-out/>
</testsuite> <!-- com.TestNG.ExecuteDataProviders_Test -->
