<?xml version="1.0" encoding="UTF-8"?>
<!-- Generated by org.testng.reporters.JUnitReportReporter -->
<testsuite hostname="DESKTOP-O6PK2DD" failures="0" tests="1" name="TestNGclassesSuiteExecution.ExecutionTest4" time="0.007" errors="0" timestamp="2024-01-23T15:32:58 IST" skipped="0">
  <testcase classname="TestNGclassesSuiteExecution.ExecutionTest4" name="method1" time="0.007"/>
  <system-out/>
</testsuite> <!-- TestNGclassesSuiteExecution.ExecutionTest4 -->
