<?xml version="1.0" encoding="UTF-8"?>
<!-- Generated by org.testng.reporters.JUnitReportReporter -->
<testsuite hostname="DESKTOP-O6PK2DD" failures="0" tests="1" name="adminModule.AdminToverifyPatientDetails" time="43.185" errors="0" timestamp="2024-01-17T15:18:06 IST" skipped="0">
  <testcase classname="adminModule.AdminToverifyPatientDetails" name="AdminToverifyPatientDetails" time="43.185"/>
  <system-out/>
</testsuite> <!-- adminModule.AdminToverifyPatientDetails -->
