<?xml version="1.0" encoding="UTF-8"?>
<!-- Generated by org.testng.reporters.JUnitReportReporter -->
<testsuite hostname="DESKTOP-O6PK2DD" failures="0" tests="1" name="com.TestNG.Annotation_Test" time="0.008" errors="0" timestamp="2024-01-17T11:02:38 IST" skipped="0">
  <testcase classname="com.TestNG.Annotation_Test" name="config_Test" time="0.008"/>
  <system-out/>
</testsuite> <!-- com.TestNG.Annotation_Test -->
