<?xml version="1.0" encoding="UTF-8"?>
<!-- Generated by org.testng.reporters.JUnitReportReporter -->
<testsuite hostname="DESKTOP-O6PK2DD" failures="0" tests="3" name="TestNGclassesSuiteExecution.ExecutionTest3" time="0.010" errors="0" timestamp="2024-01-23T15:32:58 IST" skipped="0">
  <testcase classname="TestNGclassesSuiteExecution.ExecutionTest3" name="execution6" time="0.001"/>
  <system-out/>
  <testcase classname="TestNGclassesSuiteExecution.ExecutionTest3" name="execution4" time="0.008"/>
  <system-out/>
  <testcase classname="TestNGclassesSuiteExecution.ExecutionTest3" name="execution5" time="0.001"/>
  <system-out/>
</testsuite> <!-- TestNGclassesSuiteExecution.ExecutionTest3 -->
