<?xml version="1.0" encoding="UTF-8"?>
<!-- Generated by org.testng.reporters.JUnitReportReporter -->
<testsuite hostname="DESKTOP-O6PK2DD" failures="0" tests="1" name="adminModule.DoctorAppointmentHistory" time="18.008" errors="0" timestamp="2024-01-17T17:01:31 IST" skipped="0">
  <testcase classname="adminModule.DoctorAppointmentHistory" name="DoctorAppointmentHistory" time="18.008"/>
  <system-out/>
</testsuite> <!-- adminModule.DoctorAppointmentHistory -->
